####################################
# Uniscan Português                #
# embreve                         #
####################################
V. 6.3


####################################
# Uniscan Português                #
# embreve                         #
####################################
V. 6.3


Scan date: 6-5-2020 5:37:32
===================================================================================================
| Domain: https://exemplo.com.br
| Server: nginx/1.17.8
| IP: 40.71.101.135
===================================================================================================
|
| Verificação de diretório:
| Ignorado porque https://app.secaas.dev/uniscan606/ did not return the code 404
===================================================================================================
|
| Crawler Started:
| Plugin name: Web Backdoor Disclosure v.1.1 Loaded.
| Plugin name: Timthumb <= 1.32 vulnerability v.1 Loaded.
| Plugin name: Upload Form Detect v.1.1 Loaded.
| Plugin name: FCKeditor upload test v.1 Loaded.
| Plugin name: phpinfo() Disclosure v.1 Loaded.
| Plugin name: E-mail Detection v.1.1 Loaded.
| Plugin name: External Host Detect v.1.2 Loaded.
| Plugin name: Code Disclosure v.1.1 Loaded.
| [+] Crawling finished, 1868 URL's found!
|
| Backdoors da Web:
|
| Timthumb:
|
| Formulários de upload de arquivo:
|
| Carregamento de arquivo do FCKeditor:
|
| PHPinfo() Disclosure:
|
| E-mails:
|
| Hosts externos:
|
| Divulgação do código-fonte:
|
| Arquivos ignorados: 
===================================================================================================
| Dynamic tests:
| Plugin name: Learning New Directories v.1.2 Loaded.
| Plugin name: FCKedior tests v.1.1 Loaded.
| Plugin name: Timthumb <= 1.32 vulnerability v.1 Loaded.
| Plugin name: Find Backup Files v.1.2 Loaded.
| Plugin name: Blind SQL-injection tests v.1.3 Loaded.
| Plugin name: Local File Include tests v.1.1 Loaded.
| Plugin name: PHP CGI Argument Injection v.1.1 Loaded.
| Plugin name: Remote Command Execution tests v.1.1 Loaded.
| Plugin name: Remote File Include tests v.1.2 Loaded.
| Plugin name: SQL-injection tests v.1.2 Loaded.
| Plugin name: Cross-Site Scripting tests v.1.2 Loaded.
| Plugin name: Web Shell Finder v.1.3 Loaded.
| [+] 0 New directories added
|                                                                                                   
|                                                                                                   
| FCKeditor tests:
| Skipped because https://app.secaas.dev/testing123 did not return the code 404
|                                                                                                   
|                                                                                                   
| Timthumb < 1.33 vulnerability:
|                                                                                                   
|                                                                                                   
| Backup Files:
| Skipped because https://app.secaas.dev/testing123 did not return the code 404
|                                                                                                   
|                                                                                                   
| Blind SQL Injection:
|                                                                                                   
|                                                                                                   
| Local File Include:
|                                                                                                   
|                                                                                                   
| PHP CGI Argument Injection:
|                                                                                                   
|                                                                                                   
| Remote Command Execution:
|                                                                                                   
|                                                                                                   
| Arquivo Remoto Incluir:
|                                                                                                   
|                                                                                                   
| SQL Injection:
|                                                                                                   
|                                                                                                   
| Script entre sites (XSS):
|                                                                                                   
|                                                                                                   
| Localizador de Web Shell:
